0 verbose cli /opt/homebrew/Cellar/node@22/22.22.2_1/bin/node /opt/homebrew/bin/npm
1 info using npm@10.9.7
2 info using node@v22.22.2
3 silly config load:file:/opt/homebrew/Cellar/node@22/22.22.2_1/lib/node_modules/npm/npmrc
4 silly config load:file:/Users/alendra/Documents/Github/nulis.online/.npmrc
5 silly config load:file:/Users/alendra/.npmrc
6 silly config load:file:/opt/homebrew/etc/npmrc
7 verbose title npm install
8 verbose argv "install" "--cache" "/Users/alendra/Documents/Github/nulis.online/.npm-cache"
9 verbose logfile logs-max:10 dir:/Users/alendra/Documents/Github/nulis.online/.npm-cache/_logs/2026-06-23T15_05_28_569Z-
10 verbose logfile /Users/alendra/Documents/Github/nulis.online/.npm-cache/_logs/2026-06-23T15_05_28_569Z-debug-0.log
11 silly logfile done cleaning log files
12 silly packumentCache heap:2197815296 maxSize:549453824 maxEntrySize:274726912
13 silly idealTree buildDeps
14 silly fetch manifest concurrently@^8.2.2
15 silly packumentCache full:https://registry.npmjs.org/concurrently cache-miss
16 http fetch GET 200 https://registry.npmjs.org/concurrently 387ms (cache miss)
17 silly packumentCache full:https://registry.npmjs.org/concurrently set size:undefined disposed:false
18 silly placeDep ROOT concurrently@8.2.2 OK for: nulis.online-workspace@1.0.0 want: ^8.2.2
19 silly fetch manifest rxjs@^7.8.1
20 silly packumentCache full:https://registry.npmjs.org/rxjs cache-miss
21 silly fetch manifest chalk@^4.1.2
22 silly packumentCache full:https://registry.npmjs.org/chalk cache-miss
23 silly fetch manifest yargs@^17.7.2
24 silly packumentCache full:https://registry.npmjs.org/yargs cache-miss
25 silly fetch manifest lodash@^4.17.21
26 silly packumentCache full:https://registry.npmjs.org/lodash cache-miss
27 silly fetch manifest date-fns@^2.30.0
28 silly packumentCache full:https://registry.npmjs.org/date-fns cache-miss
29 silly fetch manifest tree-kill@^1.2.2
30 silly packumentCache full:https://registry.npmjs.org/tree-kill cache-miss
31 silly fetch manifest shell-quote@^1.8.1
32 silly packumentCache full:https://registry.npmjs.org/shell-quote cache-miss
33 http fetch GET 200 https://registry.npmjs.org/rxjs 181ms (cache miss)
34 silly packumentCache full:https://registry.npmjs.org/rxjs set size:undefined disposed:false
35 silly fetch manifest spawn-command@0.0.2
36 silly packumentCache full:https://registry.npmjs.org/spawn-command cache-miss
37 http fetch GET 200 https://registry.npmjs.org/spawn-command 74ms (cache miss)
38 silly packumentCache full:https://registry.npmjs.org/spawn-command set size:undefined disposed:false
39 silly fetch manifest supports-color@^8.1.1
40 silly packumentCache full:https://registry.npmjs.org/supports-color cache-miss
41 http fetch GET 200 https://registry.npmjs.org/shell-quote 266ms (cache miss)
42 silly packumentCache full:https://registry.npmjs.org/shell-quote set size:undefined disposed:false
43 http fetch GET 200 https://registry.npmjs.org/tree-kill 268ms (cache miss)
44 silly packumentCache full:https://registry.npmjs.org/tree-kill set size:undefined disposed:false
45 http fetch GET 200 https://registry.npmjs.org/chalk 292ms (cache miss)
46 silly packumentCache full:https://registry.npmjs.org/chalk set size:undefined disposed:false
47 http fetch GET 200 https://registry.npmjs.org/lodash 313ms (cache miss)
48 silly packumentCache full:https://registry.npmjs.org/lodash set size:undefined disposed:false
49 http fetch GET 200 https://registry.npmjs.org/supports-color 61ms (cache miss)
50 silly packumentCache full:https://registry.npmjs.org/supports-color set size:undefined disposed:false
51 http fetch GET 200 https://registry.npmjs.org/yargs 370ms (cache miss)
52 silly packumentCache full:https://registry.npmjs.org/yargs set size:undefined disposed:false
53 http fetch GET 200 https://registry.npmjs.org/date-fns 695ms (cache miss)
54 silly packumentCache full:https://registry.npmjs.org/date-fns set size:undefined disposed:false
55 silly placeDep ROOT chalk@4.1.2 OK for: concurrently@8.2.2 want: ^4.1.2
56 silly placeDep ROOT date-fns@2.30.0 OK for: concurrently@8.2.2 want: ^2.30.0
57 silly placeDep ROOT lodash@4.18.1 OK for: concurrently@8.2.2 want: ^4.17.21
58 silly placeDep ROOT rxjs@7.8.2 OK for: concurrently@8.2.2 want: ^7.8.1
59 silly placeDep ROOT shell-quote@1.8.4 OK for: concurrently@8.2.2 want: ^1.8.1
60 silly placeDep ROOT spawn-command@0.0.2 OK for: concurrently@8.2.2 want: 0.0.2
61 silly placeDep ROOT supports-color@8.1.1 OK for: concurrently@8.2.2 want: ^8.1.1
62 silly placeDep ROOT tree-kill@1.2.2 OK for: concurrently@8.2.2 want: ^1.2.2
63 silly placeDep ROOT yargs@17.7.3 OK for: concurrently@8.2.2 want: ^17.7.2
64 silly fetch manifest ansi-styles@^4.1.0
65 silly packumentCache full:https://registry.npmjs.org/ansi-styles cache-miss
66 silly fetch manifest supports-color@^7.1.0
67 silly packumentCache full:https://registry.npmjs.org/supports-color cache-miss
68 silly fetch manifest @babel/runtime@^7.21.0
69 silly packumentCache full:https://registry.npmjs.org/@babel%2fruntime cache-miss
70 silly fetch manifest tslib@^2.1.0
71 silly packumentCache full:https://registry.npmjs.org/tslib cache-miss
72 silly fetch manifest has-flag@^4.0.0
73 silly packumentCache full:https://registry.npmjs.org/has-flag cache-miss
74 silly fetch manifest cliui@^8.0.1
75 silly packumentCache full:https://registry.npmjs.org/cliui cache-miss
76 silly fetch manifest escalade@^3.1.1
77 silly packumentCache full:https://registry.npmjs.org/escalade cache-miss
78 http cache https://registry.npmjs.org/supports-color 5ms (cache hit)
79 silly packumentCache full:https://registry.npmjs.org/supports-color set size:118680 disposed:false
80 silly fetch manifest get-caller-file@^2.0.5
81 silly packumentCache full:https://registry.npmjs.org/get-caller-file cache-miss
82 http cache https://registry.npmjs.org/tslib 7ms (cache hit)
83 silly packumentCache full:https://registry.npmjs.org/tslib set size:108843 disposed:false
84 silly fetch manifest require-directory@^2.1.1
85 silly packumentCache full:https://registry.npmjs.org/require-directory cache-miss
86 http cache https://registry.npmjs.org/@babel%2fruntime 10ms (cache hit)
87 silly packumentCache full:https://registry.npmjs.org/@babel%2fruntime set size:3471810 disposed:false
88 silly fetch manifest string-width@^4.2.3
89 silly packumentCache full:https://registry.npmjs.org/string-width cache-miss
90 http fetch GET 200 https://registry.npmjs.org/escalade 69ms (cache miss)
91 silly packumentCache full:https://registry.npmjs.org/escalade set size:undefined disposed:false
92 silly fetch manifest y18n@^5.0.5
93 silly packumentCache full:https://registry.npmjs.org/y18n cache-miss
94 http fetch GET 200 https://registry.npmjs.org/cliui 91ms (cache miss)
95 silly packumentCache full:https://registry.npmjs.org/cliui set size:undefined disposed:false
96 silly fetch manifest yargs-parser@^21.1.1
97 silly packumentCache full:https://registry.npmjs.org/yargs-parser cache-miss
98 http fetch GET 200 https://registry.npmjs.org/require-directory 87ms (cache miss)
99 silly packumentCache full:https://registry.npmjs.org/require-directory set size:undefined disposed:false
100 http fetch GET 200 https://registry.npmjs.org/string-width 90ms (cache miss)
101 silly packumentCache full:https://registry.npmjs.org/string-width set size:undefined disposed:false
102 http fetch GET 200 https://registry.npmjs.org/ansi-styles 114ms (cache miss)
103 silly packumentCache full:https://registry.npmjs.org/ansi-styles set size:undefined disposed:false
104 http fetch GET 200 https://registry.npmjs.org/get-caller-file 112ms (cache miss)
105 silly packumentCache full:https://registry.npmjs.org/get-caller-file set size:undefined disposed:false
106 http fetch GET 200 https://registry.npmjs.org/has-flag 119ms (cache miss)
107 silly packumentCache full:https://registry.npmjs.org/has-flag set size:undefined disposed:false
108 http fetch GET 200 https://registry.npmjs.org/y18n 64ms (cache miss)
109 silly packumentCache full:https://registry.npmjs.org/y18n set size:undefined disposed:false
110 http fetch GET 200 https://registry.npmjs.org/yargs-parser 103ms (cache miss)
111 silly packumentCache full:https://registry.npmjs.org/yargs-parser set size:undefined disposed:false
112 silly placeDep ROOT ansi-styles@4.3.0 OK for: chalk@4.1.2 want: ^4.1.0
113 silly placeDep node_modules/chalk supports-color@7.2.0 OK for: chalk@4.1.2 want: ^7.1.0
114 silly fetch manifest color-convert@^2.0.1
115 silly packumentCache full:https://registry.npmjs.org/color-convert cache-miss
116 http fetch GET 200 https://registry.npmjs.org/color-convert 63ms (cache miss)
117 silly packumentCache full:https://registry.npmjs.org/color-convert set size:undefined disposed:false
118 silly placeDep ROOT color-convert@2.0.1 OK for: ansi-styles@4.3.0 want: ^2.0.1
119 silly fetch manifest color-name@~1.1.4
120 silly packumentCache full:https://registry.npmjs.org/color-name cache-miss
121 http fetch GET 200 https://registry.npmjs.org/color-name 61ms (cache miss)
122 silly packumentCache full:https://registry.npmjs.org/color-name set size:undefined disposed:false
123 silly placeDep ROOT color-name@1.1.4 OK for: color-convert@2.0.1 want: ~1.1.4
124 silly placeDep ROOT @babel/runtime@7.29.7 OK for: date-fns@2.30.0 want: ^7.21.0
125 silly placeDep ROOT tslib@2.8.1 OK for: rxjs@7.8.2 want: ^2.1.0
126 silly placeDep ROOT has-flag@4.0.0 OK for: supports-color@8.1.1 want: ^4.0.0
127 silly placeDep ROOT cliui@8.0.1 OK for: yargs@17.7.3 want: ^8.0.1
128 silly placeDep ROOT escalade@3.2.0 OK for: yargs@17.7.3 want: ^3.1.1
129 silly placeDep ROOT get-caller-file@2.0.5 OK for: yargs@17.7.3 want: ^2.0.5
130 silly placeDep ROOT require-directory@2.1.1 OK for: yargs@17.7.3 want: ^2.1.1
131 silly placeDep ROOT string-width@4.2.3 OK for: yargs@17.7.3 want: ^4.2.3
132 silly placeDep ROOT y18n@5.0.8 OK for: yargs@17.7.3 want: ^5.0.5
133 silly placeDep ROOT yargs-parser@21.1.1 OK for: yargs@17.7.3 want: ^21.1.1
134 silly fetch manifest wrap-ansi@^7.0.0
135 silly packumentCache full:https://registry.npmjs.org/wrap-ansi cache-miss
136 silly fetch manifest strip-ansi@^6.0.1
137 silly packumentCache full:https://registry.npmjs.org/strip-ansi cache-miss
138 silly fetch manifest string-width@^4.2.0
139 silly packumentCache full:https://registry.npmjs.org/string-width cache-miss
140 silly fetch manifest strip-ansi@^6.0.1
141 silly packumentCache full:https://registry.npmjs.org/strip-ansi cache-miss
142 silly fetch manifest emoji-regex@^8.0.0
143 silly packumentCache full:https://registry.npmjs.org/emoji-regex cache-miss
144 silly fetch manifest is-fullwidth-code-point@^3.0.0
145 silly packumentCache full:https://registry.npmjs.org/is-fullwidth-code-point cache-miss
146 http cache https://registry.npmjs.org/string-width 3ms (cache hit)
147 silly packumentCache full:https://registry.npmjs.org/string-width set size:70381 disposed:false
148 http fetch GET 200 https://registry.npmjs.org/strip-ansi 84ms (cache miss)
149 silly packumentCache full:https://registry.npmjs.org/strip-ansi set size:undefined disposed:false
150 http fetch GET 200 https://registry.npmjs.org/is-fullwidth-code-point 85ms (cache miss)
151 silly packumentCache full:https://registry.npmjs.org/is-fullwidth-code-point set size:undefined disposed:false
152 http fetch GET 200 https://registry.npmjs.org/wrap-ansi 86ms (cache miss)
153 silly packumentCache full:https://registry.npmjs.org/wrap-ansi set size:undefined disposed:false
154 http fetch GET 200 https://registry.npmjs.org/emoji-regex 90ms (cache miss)
155 silly packumentCache full:https://registry.npmjs.org/emoji-regex set size:undefined disposed:false
156 http fetch GET 200 https://registry.npmjs.org/strip-ansi 106ms (cache miss)
157 silly packumentCache full:https://registry.npmjs.org/strip-ansi set size:undefined disposed:false
158 silly placeDep ROOT strip-ansi@6.0.1 OK for: cliui@8.0.1 want: ^6.0.1
159 silly placeDep ROOT wrap-ansi@7.0.0 OK for: cliui@8.0.1 want: ^7.0.0
160 silly fetch manifest ansi-regex@^5.0.1
161 silly packumentCache full:https://registry.npmjs.org/ansi-regex cache-miss
162 http fetch GET 200 https://registry.npmjs.org/ansi-regex 65ms (cache miss)
163 silly packumentCache full:https://registry.npmjs.org/ansi-regex set size:undefined disposed:false
164 silly placeDep ROOT emoji-regex@8.0.0 OK for: string-width@4.2.3 want: ^8.0.0
165 silly placeDep ROOT is-fullwidth-code-point@3.0.0 OK for: string-width@4.2.3 want: ^3.0.0
166 silly placeDep ROOT ansi-regex@5.0.1 OK for: strip-ansi@6.0.1 want: ^5.0.1
167 silly reify moves {}
168 silly audit bulk request {
168 silly audit   concurrently: [ '8.2.2' ],
168 silly audit   chalk: [ '4.1.2' ],
168 silly audit   'date-fns': [ '2.30.0' ],
168 silly audit   lodash: [ '4.18.1' ],
168 silly audit   rxjs: [ '7.8.2' ],
168 silly audit   'shell-quote': [ '1.8.4' ],
168 silly audit   'spawn-command': [ '0.0.2' ],
168 silly audit   'supports-color': [ '8.1.1', '7.2.0' ],
168 silly audit   'tree-kill': [ '1.2.2' ],
168 silly audit   yargs: [ '17.7.3' ],
168 silly audit   'ansi-styles': [ '4.3.0' ],
168 silly audit   'color-convert': [ '2.0.1' ],
168 silly audit   'color-name': [ '1.1.4' ],
168 silly audit   '@babel/runtime': [ '7.29.7' ],
168 silly audit   tslib: [ '2.8.1' ],
168 silly audit   'has-flag': [ '4.0.0' ],
168 silly audit   cliui: [ '8.0.1' ],
168 silly audit   escalade: [ '3.2.0' ],
168 silly audit   'get-caller-file': [ '2.0.5' ],
168 silly audit   'require-directory': [ '2.1.1' ],
168 silly audit   'string-width': [ '4.2.3' ],
168 silly audit   y18n: [ '5.0.8' ],
168 silly audit   'yargs-parser': [ '21.1.1' ],
168 silly audit   'strip-ansi': [ '6.0.1' ],
168 silly audit   'wrap-ansi': [ '7.0.0' ],
168 silly audit   'emoji-regex': [ '8.0.0' ],
168 silly audit   'is-fullwidth-code-point': [ '3.0.0' ],
168 silly audit   'ansi-regex': [ '5.0.1' ]
168 silly audit }
169 http cache ansi-regex@https://registry.npmjs.org/ansi-regex/-/ansi-regex-5.0.1.tgz 0ms (cache hit)
170 http cache is-fullwidth-code-point@https://registry.npmjs.org/is-fullwidth-code-point/-/is-fullwidth-code-point-3.0.0.tgz 0ms (cache hit)
171 http cache emoji-regex@https://registry.npmjs.org/emoji-regex/-/emoji-regex-8.0.0.tgz 0ms (cache hit)
172 http cache wrap-ansi@https://registry.npmjs.org/wrap-ansi/-/wrap-ansi-7.0.0.tgz 0ms (cache hit)
173 http cache strip-ansi@https://registry.npmjs.org/strip-ansi/-/strip-ansi-6.0.1.tgz 0ms (cache hit)
174 http cache yargs-parser@https://registry.npmjs.org/yargs-parser/-/yargs-parser-21.1.1.tgz 0ms (cache hit)
175 http cache y18n@https://registry.npmjs.org/y18n/-/y18n-5.0.8.tgz 0ms (cache hit)
176 http cache string-width@https://registry.npmjs.org/string-width/-/string-width-4.2.3.tgz 0ms (cache hit)
177 http cache require-directory@https://registry.npmjs.org/require-directory/-/require-directory-2.1.1.tgz 0ms (cache hit)
178 http cache get-caller-file@https://registry.npmjs.org/get-caller-file/-/get-caller-file-2.0.5.tgz 0ms (cache hit)
179 http cache escalade@https://registry.npmjs.org/escalade/-/escalade-3.2.0.tgz 0ms (cache hit)
180 http cache cliui@https://registry.npmjs.org/cliui/-/cliui-8.0.1.tgz 0ms (cache hit)
181 http cache has-flag@https://registry.npmjs.org/has-flag/-/has-flag-4.0.0.tgz 0ms (cache hit)
182 http cache @babel/runtime@https://registry.npmjs.org/@babel/runtime/-/runtime-7.29.7.tgz 0ms (cache hit)
183 http cache tslib@https://registry.npmjs.org/tslib/-/tslib-2.8.1.tgz 0ms (cache hit)
184 http cache color-name@https://registry.npmjs.org/color-name/-/color-name-1.1.4.tgz 0ms (cache hit)
185 http cache color-convert@https://registry.npmjs.org/color-convert/-/color-convert-2.0.1.tgz 0ms (cache hit)
186 http cache ansi-styles@https://registry.npmjs.org/ansi-styles/-/ansi-styles-4.3.0.tgz 0ms (cache hit)
187 http cache yargs@https://registry.npmjs.org/yargs/-/yargs-17.7.3.tgz 0ms (cache hit)
188 http cache tree-kill@https://registry.npmjs.org/tree-kill/-/tree-kill-1.2.2.tgz 0ms (cache hit)
189 http cache supports-color@https://registry.npmjs.org/supports-color/-/supports-color-8.1.1.tgz 0ms (cache hit)
190 http cache spawn-command@https://registry.npmjs.org/spawn-command/-/spawn-command-0.0.2.tgz 0ms (cache hit)
191 http cache shell-quote@https://registry.npmjs.org/shell-quote/-/shell-quote-1.8.4.tgz 0ms (cache hit)
192 http cache rxjs@https://registry.npmjs.org/rxjs/-/rxjs-7.8.2.tgz 0ms (cache hit)
193 http cache lodash@https://registry.npmjs.org/lodash/-/lodash-4.18.1.tgz 0ms (cache hit)
194 http cache date-fns@https://registry.npmjs.org/date-fns/-/date-fns-2.30.0.tgz 0ms (cache hit)
195 http cache chalk@https://registry.npmjs.org/chalk/-/chalk-4.1.2.tgz 0ms (cache hit)
196 http cache supports-color@https://registry.npmjs.org/supports-color/-/supports-color-7.2.0.tgz 0ms (cache hit)
197 http cache concurrently@https://registry.npmjs.org/concurrently/-/concurrently-8.2.2.tgz 0ms (cache hit)
198 silly tarball no local data for ansi-regex@https://registry.npmjs.org/ansi-regex/-/ansi-regex-5.0.1.tgz. Extracting by manifest.
199 silly tarball no local data for emoji-regex@https://registry.npmjs.org/emoji-regex/-/emoji-regex-8.0.0.tgz. Extracting by manifest.
200 silly tarball no local data for wrap-ansi@https://registry.npmjs.org/wrap-ansi/-/wrap-ansi-7.0.0.tgz. Extracting by manifest.
201 silly tarball no local data for strip-ansi@https://registry.npmjs.org/strip-ansi/-/strip-ansi-6.0.1.tgz. Extracting by manifest.
202 silly tarball no local data for y18n@https://registry.npmjs.org/y18n/-/y18n-5.0.8.tgz. Extracting by manifest.
203 silly tarball no local data for string-width@https://registry.npmjs.org/string-width/-/string-width-4.2.3.tgz. Extracting by manifest.
204 silly tarball no local data for is-fullwidth-code-point@https://registry.npmjs.org/is-fullwidth-code-point/-/is-fullwidth-code-point-3.0.0.tgz. Extracting by manifest.
205 silly tarball no local data for yargs-parser@https://registry.npmjs.org/yargs-parser/-/yargs-parser-21.1.1.tgz. Extracting by manifest.
206 silly tarball no local data for require-directory@https://registry.npmjs.org/require-directory/-/require-directory-2.1.1.tgz. Extracting by manifest.
207 silly tarball no local data for get-caller-file@https://registry.npmjs.org/get-caller-file/-/get-caller-file-2.0.5.tgz. Extracting by manifest.
208 silly tarball no local data for escalade@https://registry.npmjs.org/escalade/-/escalade-3.2.0.tgz. Extracting by manifest.
209 silly tarball no local data for cliui@https://registry.npmjs.org/cliui/-/cliui-8.0.1.tgz. Extracting by manifest.
210 silly tarball no local data for has-flag@https://registry.npmjs.org/has-flag/-/has-flag-4.0.0.tgz. Extracting by manifest.
211 silly tarball no local data for color-name@https://registry.npmjs.org/color-name/-/color-name-1.1.4.tgz. Extracting by manifest.
212 silly tarball no local data for @babel/runtime@https://registry.npmjs.org/@babel/runtime/-/runtime-7.29.7.tgz. Extracting by manifest.
213 silly tarball no local data for color-convert@https://registry.npmjs.org/color-convert/-/color-convert-2.0.1.tgz. Extracting by manifest.
214 silly tarball no local data for ansi-styles@https://registry.npmjs.org/ansi-styles/-/ansi-styles-4.3.0.tgz. Extracting by manifest.
215 silly tarball no local data for yargs@https://registry.npmjs.org/yargs/-/yargs-17.7.3.tgz. Extracting by manifest.
216 silly tarball no local data for tree-kill@https://registry.npmjs.org/tree-kill/-/tree-kill-1.2.2.tgz. Extracting by manifest.
217 silly tarball no local data for supports-color@https://registry.npmjs.org/supports-color/-/supports-color-8.1.1.tgz. Extracting by manifest.
218 silly tarball no local data for shell-quote@https://registry.npmjs.org/shell-quote/-/shell-quote-1.8.4.tgz. Extracting by manifest.
219 silly tarball no local data for rxjs@https://registry.npmjs.org/rxjs/-/rxjs-7.8.2.tgz. Extracting by manifest.
220 silly tarball no local data for spawn-command@https://registry.npmjs.org/spawn-command/-/spawn-command-0.0.2.tgz. Extracting by manifest.
221 silly tarball no local data for lodash@https://registry.npmjs.org/lodash/-/lodash-4.18.1.tgz. Extracting by manifest.
222 silly tarball no local data for supports-color@https://registry.npmjs.org/supports-color/-/supports-color-7.2.0.tgz. Extracting by manifest.
223 silly tarball no local data for date-fns@https://registry.npmjs.org/date-fns/-/date-fns-2.30.0.tgz. Extracting by manifest.
224 silly tarball no local data for concurrently@https://registry.npmjs.org/concurrently/-/concurrently-8.2.2.tgz. Extracting by manifest.
225 silly tarball no local data for chalk@https://registry.npmjs.org/chalk/-/chalk-4.1.2.tgz. Extracting by manifest.
226 http fetch GET 200 https://registry.npmjs.org/string-width/-/string-width-4.2.3.tgz 63ms (cache miss)
227 http fetch GET 200 https://registry.npmjs.org/wrap-ansi/-/wrap-ansi-7.0.0.tgz 70ms (cache miss)
228 http fetch GET 200 https://registry.npmjs.org/strip-ansi/-/strip-ansi-6.0.1.tgz 71ms (cache miss)
229 http fetch GET 200 https://registry.npmjs.org/ansi-regex/-/ansi-regex-5.0.1.tgz 72ms (cache miss)
230 http fetch GET 200 https://registry.npmjs.org/emoji-regex/-/emoji-regex-8.0.0.tgz 72ms (cache miss)
231 http fetch GET 200 https://registry.npmjs.org/y18n/-/y18n-5.0.8.tgz 73ms (cache miss)
232 http fetch GET 200 https://registry.npmjs.org/color-convert/-/color-convert-2.0.1.tgz 140ms (cache miss)
233 http fetch GET 200 https://registry.npmjs.org/supports-color/-/supports-color-8.1.1.tgz 140ms (cache miss)
234 http fetch GET 200 https://registry.npmjs.org/ansi-styles/-/ansi-styles-4.3.0.tgz 144ms (cache miss)
235 http fetch GET 200 https://registry.npmjs.org/tree-kill/-/tree-kill-1.2.2.tgz 147ms (cache miss)
236 http fetch GET 200 https://registry.npmjs.org/yargs/-/yargs-17.7.3.tgz 205ms (cache miss)
237 http fetch GET 200 https://registry.npmjs.org/is-fullwidth-code-point/-/is-fullwidth-code-point-3.0.0.tgz 207ms (cache miss)
238 http fetch GET 200 https://registry.npmjs.org/get-caller-file/-/get-caller-file-2.0.5.tgz 207ms (cache miss)
239 http fetch GET 200 https://registry.npmjs.org/has-flag/-/has-flag-4.0.0.tgz 207ms (cache miss)
240 http fetch GET 200 https://registry.npmjs.org/color-name/-/color-name-1.1.4.tgz 207ms (cache miss)
241 http fetch GET 200 https://registry.npmjs.org/escalade/-/escalade-3.2.0.tgz 210ms (cache miss)
242 http fetch GET 200 https://registry.npmjs.org/shell-quote/-/shell-quote-1.8.4.tgz 212ms (cache miss)
243 http fetch GET 200 https://registry.npmjs.org/spawn-command/-/spawn-command-0.0.2.tgz 212ms (cache miss)
244 http fetch GET 200 https://registry.npmjs.org/yargs-parser/-/yargs-parser-21.1.1.tgz 224ms (cache miss)
245 http fetch GET 200 https://registry.npmjs.org/@babel/runtime/-/runtime-7.29.7.tgz 234ms (cache miss)
246 http fetch GET 200 https://registry.npmjs.org/cliui/-/cliui-8.0.1.tgz 240ms (cache miss)
247 http fetch GET 200 https://registry.npmjs.org/require-directory/-/require-directory-2.1.1.tgz 243ms (cache miss)
248 http fetch GET 200 https://registry.npmjs.org/supports-color/-/supports-color-7.2.0.tgz 253ms (cache miss)
249 http fetch GET 200 https://registry.npmjs.org/chalk/-/chalk-4.1.2.tgz 334ms (cache miss)
250 http fetch POST 200 https://registry.npmjs.org/-/npm/v1/security/advisories/bulk 391ms
251 silly audit report {}
252 http fetch GET 200 https://registry.npmjs.org/concurrently/-/concurrently-8.2.2.tgz 394ms (cache miss)
253 http fetch GET 200 https://registry.npmjs.org/lodash/-/lodash-4.18.1.tgz 451ms (cache miss)
254 http fetch GET 200 https://registry.npmjs.org/rxjs/-/rxjs-7.8.2.tgz 1028ms (cache miss)
255 http fetch GET 200 https://registry.npmjs.org/date-fns/-/date-fns-2.30.0.tgz 1865ms (cache miss)
256 silly ADD node_modules/ansi-regex
257 silly ADD node_modules/is-fullwidth-code-point
258 silly ADD node_modules/emoji-regex
259 silly ADD node_modules/wrap-ansi
260 silly ADD node_modules/strip-ansi
261 silly ADD node_modules/yargs-parser
262 silly ADD node_modules/y18n
263 silly ADD node_modules/string-width
264 silly ADD node_modules/require-directory
265 silly ADD node_modules/get-caller-file
266 silly ADD node_modules/escalade
267 silly ADD node_modules/cliui
268 silly ADD node_modules/has-flag
269 silly ADD node_modules/tslib
270 silly ADD node_modules/@babel/runtime
271 silly ADD node_modules/color-name
272 silly ADD node_modules/color-convert
273 silly ADD node_modules/ansi-styles
274 silly ADD node_modules/yargs
275 silly ADD node_modules/tree-kill
276 silly ADD node_modules/supports-color
277 silly ADD node_modules/spawn-command
278 silly ADD node_modules/shell-quote
279 silly ADD node_modules/rxjs
280 silly ADD node_modules/lodash
281 silly ADD node_modules/date-fns
282 silly ADD node_modules/chalk
283 silly ADD node_modules/chalk/node_modules/supports-color
284 silly ADD node_modules/concurrently
285 verbose cwd /Users/alendra/Documents/Github/nulis.online
286 verbose os Darwin 24.2.0
287 verbose node v22.22.2
288 verbose npm  v10.9.7
289 verbose exit 0
290 info ok
