0 verbose cli /opt/homebrew/Cellar/node@22/22.22.2_1/bin/node /opt/homebrew/Cellar/node@22/22.22.2_1/lib/node_modules/npm/bin/npm-cli.js
1 info using npm@10.9.7
2 info using node@v22.22.2
3 silly config load:file:/opt/homebrew/Cellar/node@22/22.22.2_1/lib/node_modules/npm/npmrc
4 silly config load:file:/Users/alendra/Documents/Github/nulis.online/.npmrc
5 silly config load:file:/Users/alendra/.npmrc
6 silly config load:file:/opt/homebrew/etc/npmrc
7 verbose title npm exec create-vite@latest --help
8 verbose argv "exec" "--cache" "/Users/alendra/Documents/Github/nulis.online/.npm-cache" "--yes" "--" "create-vite@latest" "--help"
9 verbose logfile logs-max:10 dir:/Users/alendra/Documents/Github/nulis.online/.npm-cache/_logs/2026-06-23T15_01_43_712Z-
10 verbose logfile /Users/alendra/Documents/Github/nulis.online/.npm-cache/_logs/2026-06-23T15_01_43_712Z-debug-0.log
11 silly logfile done cleaning log files
12 silly packumentCache heap:2197815296 maxSize:549453824 maxEntrySize:274726912
13 http fetch GET 200 https://registry.npmjs.org/create-vite 328ms (cache miss)
14 silly packumentCache heap:2197815296 maxSize:549453824 maxEntrySize:274726912
15 http fetch GET 200 https://registry.npmjs.org/npm 437ms
16 silly packumentCache heap:2197815296 maxSize:549453824 maxEntrySize:274726912
17 silly idealTree buildDeps
18 silly fetch manifest create-vite@9.1.0
19 silly packumentCache full:https://registry.npmjs.org/create-vite cache-miss
20 http fetch GET 200 https://registry.npmjs.org/create-vite 121ms (cache miss)
21 silly packumentCache full:https://registry.npmjs.org/create-vite set size:undefined disposed:false
22 silly placeDep ROOT create-vite@9.1.0 OK for:  want: 9.1.0
23 silly reify moves {}
24 silly audit bulk request { 'create-vite': [ '9.1.0' ] }
25 http cache create-vite@https://registry.npmjs.org/create-vite/-/create-vite-9.1.0.tgz 0ms (cache hit)
26 silly tarball no local data for create-vite@https://registry.npmjs.org/create-vite/-/create-vite-9.1.0.tgz. Extracting by manifest.
27 http fetch GET 200 https://registry.npmjs.org/create-vite/-/create-vite-9.1.0.tgz 152ms (cache miss)
28 http fetch POST 200 https://registry.npmjs.org/-/npm/v1/security/advisories/bulk 306ms
29 silly audit report {}
30 verbose cwd /Users/alendra/Documents/Github/nulis.online
31 verbose os Darwin 24.2.0
32 verbose node v22.22.2
33 verbose npm  v10.9.7
34 notice
34 notice New major version of npm available! 10.9.7 -> 11.17.0
34 notice Changelog: https://github.com/npm/cli/releases/tag/v11.17.0
34 notice To update run: npm install -g npm@11.17.0
34 notice  { force: true, [Symbol(proc-log.meta)]: true }
35 verbose exit 0
36 info ok
