0 verbose cli /opt/homebrew/Cellar/node@22/22.22.2_1/bin/node /opt/homebrew/bin/npm
1 info using npm@10.9.7
2 info using node@v22.22.2
3 silly config load:file:/opt/homebrew/Cellar/node@22/22.22.2_1/lib/node_modules/npm/npmrc
4 silly config load:file:/Users/alendra/Documents/Github/nulis.online/frontend/.npmrc
5 silly config load:file:/Users/alendra/.npmrc
6 silly config load:file:/opt/homebrew/etc/npmrc
7 verbose title npm install react-router-dom
8 verbose argv "install" "react-router-dom" "--cache" "/Users/alendra/Documents/Github/nulis.online/.npm-cache"
9 verbose logfile logs-max:10 dir:/Users/alendra/Documents/Github/nulis.online/.npm-cache/_logs/2026-06-23T15_02_54_759Z-
10 verbose logfile /Users/alendra/Documents/Github/nulis.online/.npm-cache/_logs/2026-06-23T15_02_54_759Z-debug-0.log
11 silly logfile done cleaning log files
12 silly packumentCache heap:2197815296 maxSize:549453824 maxEntrySize:274726912
13 silly idealTree buildDeps
14 silly fetch manifest react-router-dom@*
15 silly packumentCache full:https://registry.npmjs.org/react-router-dom cache-miss
16 http fetch GET 200 https://registry.npmjs.org/react-router-dom 479ms (cache miss)
17 silly packumentCache full:https://registry.npmjs.org/react-router-dom set size:undefined disposed:false
18 silly fetch manifest react@^19.2.7
19 silly packumentCache full:https://registry.npmjs.org/react cache-miss
20 http cache https://registry.npmjs.org/react 10ms (cache hit)
21 silly packumentCache full:https://registry.npmjs.org/react set size:6729117 disposed:false
22 silly fetch manifest react-dom@^19.2.7
23 silly packumentCache full:https://registry.npmjs.org/react-dom cache-miss
24 http cache https://registry.npmjs.org/react-dom 12ms (cache hit)
25 silly packumentCache full:https://registry.npmjs.org/react-dom set size:8996314 disposed:false
26 silly placeDep ROOT react-router-dom@7.18.0 OK for: frontend@0.0.0 want: *
27 silly fetch manifest react-router@7.18.0
28 silly packumentCache full:https://registry.npmjs.org/react-router cache-miss
29 http fetch GET 200 https://registry.npmjs.org/react-router 355ms (cache miss)
30 silly packumentCache full:https://registry.npmjs.org/react-router set size:undefined disposed:false
31 silly fetch manifest react@>=18
32 silly packumentCache full:https://registry.npmjs.org/react cache-miss
33 http cache https://registry.npmjs.org/react 10ms (cache hit)
34 silly packumentCache full:https://registry.npmjs.org/react set size:6729117 disposed:false
35 silly fetch manifest react-dom@>=18
36 silly packumentCache full:https://registry.npmjs.org/react-dom cache-miss
37 http cache https://registry.npmjs.org/react-dom 10ms (cache hit)
38 silly packumentCache full:https://registry.npmjs.org/react-dom set size:8996314 disposed:false
39 silly placeDep ROOT react-router@7.18.0 OK for: react-router-dom@7.18.0 want: 7.18.0
40 silly fetch manifest cookie@^1.0.1
41 silly packumentCache full:https://registry.npmjs.org/cookie cache-miss
42 silly fetch manifest set-cookie-parser@^2.6.0
43 silly packumentCache full:https://registry.npmjs.org/set-cookie-parser cache-miss
44 http fetch GET 200 https://registry.npmjs.org/cookie 64ms (cache miss)
45 silly packumentCache full:https://registry.npmjs.org/cookie set size:undefined disposed:false
46 http fetch GET 200 https://registry.npmjs.org/set-cookie-parser 188ms (cache miss)
47 silly packumentCache full:https://registry.npmjs.org/set-cookie-parser set size:undefined disposed:false
48 silly placeDep ROOT cookie@1.1.1 OK for: react-router@7.18.0 want: ^1.0.1
49 silly placeDep ROOT set-cookie-parser@2.7.2 OK for: react-router@7.18.0 want: ^2.6.0
50 silly reify moves {}
51 silly audit bulk request {
51 silly audit   '@emnapi/core': [ '1.11.1' ],
51 silly audit   '@emnapi/runtime': [ '1.11.1' ],
51 silly audit   '@emnapi/wasi-threads': [ '1.2.2' ],
51 silly audit   '@napi-rs/wasm-runtime': [ '1.1.5' ],
51 silly audit   '@oxc-project/types': [ '0.137.0' ],
51 silly audit   '@oxlint/binding-android-arm-eabi': [ '1.71.0' ],
51 silly audit   '@oxlint/binding-android-arm64': [ '1.71.0' ],
51 silly audit   '@oxlint/binding-darwin-arm64': [ '1.71.0' ],
51 silly audit   '@oxlint/binding-darwin-x64': [ '1.71.0' ],
51 silly audit   '@oxlint/binding-freebsd-x64': [ '1.71.0' ],
51 silly audit   '@oxlint/binding-linux-arm-gnueabihf': [ '1.71.0' ],
51 silly audit   '@oxlint/binding-linux-arm-musleabihf': [ '1.71.0' ],
51 silly audit   '@oxlint/binding-linux-arm64-gnu': [ '1.71.0' ],
51 silly audit   '@oxlint/binding-linux-arm64-musl': [ '1.71.0' ],
51 silly audit   '@oxlint/binding-linux-ppc64-gnu': [ '1.71.0' ],
51 silly audit   '@oxlint/binding-linux-riscv64-gnu': [ '1.71.0' ],
51 silly audit   '@oxlint/binding-linux-riscv64-musl': [ '1.71.0' ],
51 silly audit   '@oxlint/binding-linux-s390x-gnu': [ '1.71.0' ],
51 silly audit   '@oxlint/binding-linux-x64-gnu': [ '1.71.0' ],
51 silly audit   '@oxlint/binding-linux-x64-musl': [ '1.71.0' ],
51 silly audit   '@oxlint/binding-openharmony-arm64': [ '1.71.0' ],
51 silly audit   '@oxlint/binding-win32-arm64-msvc': [ '1.71.0' ],
51 silly audit   '@oxlint/binding-win32-ia32-msvc': [ '1.71.0' ],
51 silly audit   '@oxlint/binding-win32-x64-msvc': [ '1.71.0' ],
51 silly audit   '@rolldown/binding-android-arm64': [ '1.1.2' ],
51 silly audit   '@rolldown/binding-darwin-arm64': [ '1.1.2' ],
51 silly audit   '@rolldown/binding-darwin-x64': [ '1.1.2' ],
51 silly audit   '@rolldown/binding-freebsd-x64': [ '1.1.2' ],
51 silly audit   '@rolldown/binding-linux-arm-gnueabihf': [ '1.1.2' ],
51 silly audit   '@rolldown/binding-linux-arm64-gnu': [ '1.1.2' ],
51 silly audit   '@rolldown/binding-linux-arm64-musl': [ '1.1.2' ],
51 silly audit   '@rolldown/binding-linux-ppc64-gnu': [ '1.1.2' ],
51 silly audit   '@rolldown/binding-linux-s390x-gnu': [ '1.1.2' ],
51 silly audit   '@rolldown/binding-linux-x64-gnu': [ '1.1.2' ],
51 silly audit   '@rolldown/binding-linux-x64-musl': [ '1.1.2' ],
51 silly audit   '@rolldown/binding-openharmony-arm64': [ '1.1.2' ],
51 silly audit   '@rolldown/binding-wasm32-wasi': [ '1.1.2' ],
51 silly audit   '@rolldown/binding-win32-arm64-msvc': [ '1.1.2' ],
51 silly audit   '@rolldown/binding-win32-x64-msvc': [ '1.1.2' ],
51 silly audit   '@rolldown/pluginutils': [ '1.0.1' ],
51 silly audit   '@tybys/wasm-util': [ '0.10.3' ],
51 silly audit   '@types/react': [ '19.2.17' ],
51 silly audit   '@types/react-dom': [ '19.2.3' ],
51 silly audit   '@vitejs/plugin-react': [ '6.0.3' ],
51 silly audit   csstype: [ '3.2.3' ],
51 silly audit   'detect-libc': [ '2.1.2' ],
51 silly audit   fdir: [ '6.5.0' ],
51 silly audit   fsevents: [ '2.3.3' ],
51 silly audit   lightningcss: [ '1.32.0' ],
51 silly audit   'lightningcss-android-arm64': [ '1.32.0' ],
51 silly audit   'lightningcss-darwin-arm64': [ '1.32.0' ],
51 silly audit   'lightningcss-darwin-x64': [ '1.32.0' ],
51 silly audit   'lightningcss-freebsd-x64': [ '1.32.0' ],
51 silly audit   'lightningcss-linux-arm-gnueabihf': [ '1.32.0' ],
51 silly audit   'lightningcss-linux-arm64-gnu': [ '1.32.0' ],
51 silly audit   'lightningcss-linux-arm64-musl': [ '1.32.0' ],
51 silly audit   'lightningcss-linux-x64-gnu': [ '1.32.0' ],
51 silly audit   'lightningcss-linux-x64-musl': [ '1.32.0' ],
51 silly audit   'lightningcss-win32-arm64-msvc': [ '1.32.0' ],
51 silly audit   'lightningcss-win32-x64-msvc': [ '1.32.0' ],
51 silly audit   nanoid: [ '3.3.15' ],
51 silly audit   oxlint: [ '1.71.0' ],
51 silly audit   picocolors: [ '1.1.1' ],
51 silly audit   picomatch: [ '4.0.4' ],
51 silly audit   postcss: [ '8.5.15' ],
51 silly audit   react: [ '19.2.7' ],
51 silly audit   'react-dom': [ '19.2.7' ],
51 silly audit   rolldown: [ '1.1.2' ],
51 silly audit   scheduler: [ '0.27.0' ],
51 silly audit   'source-map-js': [ '1.2.1' ],
51 silly audit   tinyglobby: [ '0.2.17' ],
51 silly audit   tslib: [ '2.8.1' ],
51 silly audit   vite: [ '8.1.0' ],
51 silly audit   'react-router-dom': [ '7.18.0' ],
51 silly audit   'react-router': [ '7.18.0' ],
51 silly audit   cookie: [ '1.1.1' ],
51 silly audit   'set-cookie-parser': [ '2.7.2' ]
51 silly audit }
52 verbose reify failed optional dependency /Users/alendra/Documents/Github/nulis.online/frontend/node_modules/lightningcss-win32-x64-msvc
53 silly reify mark deleted [
53 silly reify   '/Users/alendra/Documents/Github/nulis.online/frontend/node_modules/lightningcss-win32-x64-msvc'
53 silly reify ]
54 verbose reify failed optional dependency /Users/alendra/Documents/Github/nulis.online/frontend/node_modules/lightningcss-win32-arm64-msvc
55 silly reify mark deleted [
55 silly reify   '/Users/alendra/Documents/Github/nulis.online/frontend/node_modules/lightningcss-win32-arm64-msvc'
55 silly reify ]
56 verbose reify failed optional dependency /Users/alendra/Documents/Github/nulis.online/frontend/node_modules/lightningcss-linux-x64-musl
57 silly reify mark deleted [
57 silly reify   '/Users/alendra/Documents/Github/nulis.online/frontend/node_modules/lightningcss-linux-x64-musl'
57 silly reify ]
58 verbose reify failed optional dependency /Users/alendra/Documents/Github/nulis.online/frontend/node_modules/lightningcss-linux-x64-gnu
59 silly reify mark deleted [
59 silly reify   '/Users/alendra/Documents/Github/nulis.online/frontend/node_modules/lightningcss-linux-x64-gnu'
59 silly reify ]
60 verbose reify failed optional dependency /Users/alendra/Documents/Github/nulis.online/frontend/node_modules/lightningcss-linux-arm64-musl
61 silly reify mark deleted [
61 silly reify   '/Users/alendra/Documents/Github/nulis.online/frontend/node_modules/lightningcss-linux-arm64-musl'
61 silly reify ]
62 verbose reify failed optional dependency /Users/alendra/Documents/Github/nulis.online/frontend/node_modules/lightningcss-linux-arm64-gnu
63 silly reify mark deleted [
63 silly reify   '/Users/alendra/Documents/Github/nulis.online/frontend/node_modules/lightningcss-linux-arm64-gnu'
63 silly reify ]
64 verbose reify failed optional dependency /Users/alendra/Documents/Github/nulis.online/frontend/node_modules/lightningcss-linux-arm-gnueabihf
65 silly reify mark deleted [
65 silly reify   '/Users/alendra/Documents/Github/nulis.online/frontend/node_modules/lightningcss-linux-arm-gnueabihf'
65 silly reify ]
66 verbose reify failed optional dependency /Users/alendra/Documents/Github/nulis.online/frontend/node_modules/lightningcss-freebsd-x64
67 silly reify mark deleted [
67 silly reify   '/Users/alendra/Documents/Github/nulis.online/frontend/node_modules/lightningcss-freebsd-x64'
67 silly reify ]
68 verbose reify failed optional dependency /Users/alendra/Documents/Github/nulis.online/frontend/node_modules/lightningcss-darwin-x64
69 silly reify mark deleted [
69 silly reify   '/Users/alendra/Documents/Github/nulis.online/frontend/node_modules/lightningcss-darwin-x64'
69 silly reify ]
70 verbose reify failed optional dependency /Users/alendra/Documents/Github/nulis.online/frontend/node_modules/lightningcss-android-arm64
71 silly reify mark deleted [
71 silly reify   '/Users/alendra/Documents/Github/nulis.online/frontend/node_modules/lightningcss-android-arm64'
71 silly reify ]
72 verbose reify failed optional dependency /Users/alendra/Documents/Github/nulis.online/frontend/node_modules/@rolldown/binding-win32-x64-msvc
73 silly reify mark deleted [
73 silly reify   '/Users/alendra/Documents/Github/nulis.online/frontend/node_modules/@rolldown/binding-win32-x64-msvc'
73 silly reify ]
74 verbose reify failed optional dependency /Users/alendra/Documents/Github/nulis.online/frontend/node_modules/@rolldown/binding-win32-arm64-msvc
75 silly reify mark deleted [
75 silly reify   '/Users/alendra/Documents/Github/nulis.online/frontend/node_modules/@rolldown/binding-win32-arm64-msvc'
75 silly reify ]
76 verbose reify failed optional dependency /Users/alendra/Documents/Github/nulis.online/frontend/node_modules/@rolldown/binding-wasm32-wasi
77 silly reify mark deleted [
77 silly reify   '/Users/alendra/Documents/Github/nulis.online/frontend/node_modules/@rolldown/binding-wasm32-wasi'
77 silly reify ]
78 verbose reify failed optional dependency /Users/alendra/Documents/Github/nulis.online/frontend/node_modules/@emnapi/core
79 silly reify mark deleted [
79 silly reify   '/Users/alendra/Documents/Github/nulis.online/frontend/node_modules/@emnapi/core'
79 silly reify ]
80 verbose reify failed optional dependency /Users/alendra/Documents/Github/nulis.online/frontend/node_modules/@emnapi/runtime
81 silly reify mark deleted [
81 silly reify   '/Users/alendra/Documents/Github/nulis.online/frontend/node_modules/@emnapi/runtime'
81 silly reify ]
82 verbose reify failed optional dependency /Users/alendra/Documents/Github/nulis.online/frontend/node_modules/@napi-rs/wasm-runtime
83 silly reify mark deleted [
83 silly reify   '/Users/alendra/Documents/Github/nulis.online/frontend/node_modules/@napi-rs/wasm-runtime'
83 silly reify ]
84 verbose reify failed optional dependency /Users/alendra/Documents/Github/nulis.online/frontend/node_modules/@emnapi/wasi-threads
85 silly reify mark deleted [
85 silly reify   '/Users/alendra/Documents/Github/nulis.online/frontend/node_modules/@emnapi/wasi-threads'
85 silly reify ]
86 verbose reify failed optional dependency /Users/alendra/Documents/Github/nulis.online/frontend/node_modules/tslib
87 silly reify mark deleted [
87 silly reify   '/Users/alendra/Documents/Github/nulis.online/frontend/node_modules/tslib'
87 silly reify ]
88 verbose reify failed optional dependency /Users/alendra/Documents/Github/nulis.online/frontend/node_modules/@tybys/wasm-util
89 silly reify mark deleted [
89 silly reify   '/Users/alendra/Documents/Github/nulis.online/frontend/node_modules/@tybys/wasm-util'
89 silly reify ]
90 verbose reify failed optional dependency /Users/alendra/Documents/Github/nulis.online/frontend/node_modules/@rolldown/binding-openharmony-arm64
91 silly reify mark deleted [
91 silly reify   '/Users/alendra/Documents/Github/nulis.online/frontend/node_modules/@rolldown/binding-openharmony-arm64'
91 silly reify ]
92 verbose reify failed optional dependency /Users/alendra/Documents/Github/nulis.online/frontend/node_modules/@rolldown/binding-linux-x64-musl
93 silly reify mark deleted [
93 silly reify   '/Users/alendra/Documents/Github/nulis.online/frontend/node_modules/@rolldown/binding-linux-x64-musl'
93 silly reify ]
94 verbose reify failed optional dependency /Users/alendra/Documents/Github/nulis.online/frontend/node_modules/@rolldown/binding-linux-x64-gnu
95 silly reify mark deleted [
95 silly reify   '/Users/alendra/Documents/Github/nulis.online/frontend/node_modules/@rolldown/binding-linux-x64-gnu'
95 silly reify ]
96 verbose reify failed optional dependency /Users/alendra/Documents/Github/nulis.online/frontend/node_modules/@rolldown/binding-linux-s390x-gnu
97 silly reify mark deleted [
97 silly reify   '/Users/alendra/Documents/Github/nulis.online/frontend/node_modules/@rolldown/binding-linux-s390x-gnu'
97 silly reify ]
98 verbose reify failed optional dependency /Users/alendra/Documents/Github/nulis.online/frontend/node_modules/@rolldown/binding-linux-ppc64-gnu
99 silly reify mark deleted [
99 silly reify   '/Users/alendra/Documents/Github/nulis.online/frontend/node_modules/@rolldown/binding-linux-ppc64-gnu'
99 silly reify ]
100 verbose reify failed optional dependency /Users/alendra/Documents/Github/nulis.online/frontend/node_modules/@rolldown/binding-linux-arm64-musl
101 silly reify mark deleted [
101 silly reify   '/Users/alendra/Documents/Github/nulis.online/frontend/node_modules/@rolldown/binding-linux-arm64-musl'
101 silly reify ]
102 verbose reify failed optional dependency /Users/alendra/Documents/Github/nulis.online/frontend/node_modules/@rolldown/binding-linux-arm64-gnu
103 silly reify mark deleted [
103 silly reify   '/Users/alendra/Documents/Github/nulis.online/frontend/node_modules/@rolldown/binding-linux-arm64-gnu'
103 silly reify ]
104 verbose reify failed optional dependency /Users/alendra/Documents/Github/nulis.online/frontend/node_modules/@rolldown/binding-linux-arm-gnueabihf
105 silly reify mark deleted [
105 silly reify   '/Users/alendra/Documents/Github/nulis.online/frontend/node_modules/@rolldown/binding-linux-arm-gnueabihf'
105 silly reify ]
106 verbose reify failed optional dependency /Users/alendra/Documents/Github/nulis.online/frontend/node_modules/@rolldown/binding-freebsd-x64
107 silly reify mark deleted [
107 silly reify   '/Users/alendra/Documents/Github/nulis.online/frontend/node_modules/@rolldown/binding-freebsd-x64'
107 silly reify ]
108 verbose reify failed optional dependency /Users/alendra/Documents/Github/nulis.online/frontend/node_modules/@rolldown/binding-darwin-x64
109 silly reify mark deleted [
109 silly reify   '/Users/alendra/Documents/Github/nulis.online/frontend/node_modules/@rolldown/binding-darwin-x64'
109 silly reify ]
110 verbose reify failed optional dependency /Users/alendra/Documents/Github/nulis.online/frontend/node_modules/@rolldown/binding-android-arm64
111 silly reify mark deleted [
111 silly reify   '/Users/alendra/Documents/Github/nulis.online/frontend/node_modules/@rolldown/binding-android-arm64'
111 silly reify ]
112 verbose reify failed optional dependency /Users/alendra/Documents/Github/nulis.online/frontend/node_modules/@oxlint/binding-win32-x64-msvc
113 silly reify mark deleted [
113 silly reify   '/Users/alendra/Documents/Github/nulis.online/frontend/node_modules/@oxlint/binding-win32-x64-msvc'
113 silly reify ]
114 verbose reify failed optional dependency /Users/alendra/Documents/Github/nulis.online/frontend/node_modules/@oxlint/binding-win32-ia32-msvc
115 silly reify mark deleted [
115 silly reify   '/Users/alendra/Documents/Github/nulis.online/frontend/node_modules/@oxlint/binding-win32-ia32-msvc'
115 silly reify ]
116 verbose reify failed optional dependency /Users/alendra/Documents/Github/nulis.online/frontend/node_modules/@oxlint/binding-win32-arm64-msvc
117 silly reify mark deleted [
117 silly reify   '/Users/alendra/Documents/Github/nulis.online/frontend/node_modules/@oxlint/binding-win32-arm64-msvc'
117 silly reify ]
118 verbose reify failed optional dependency /Users/alendra/Documents/Github/nulis.online/frontend/node_modules/@oxlint/binding-openharmony-arm64
119 silly reify mark deleted [
119 silly reify   '/Users/alendra/Documents/Github/nulis.online/frontend/node_modules/@oxlint/binding-openharmony-arm64'
119 silly reify ]
120 verbose reify failed optional dependency /Users/alendra/Documents/Github/nulis.online/frontend/node_modules/@oxlint/binding-linux-x64-musl
121 silly reify mark deleted [
121 silly reify   '/Users/alendra/Documents/Github/nulis.online/frontend/node_modules/@oxlint/binding-linux-x64-musl'
121 silly reify ]
122 verbose reify failed optional dependency /Users/alendra/Documents/Github/nulis.online/frontend/node_modules/@oxlint/binding-linux-x64-gnu
123 silly reify mark deleted [
123 silly reify   '/Users/alendra/Documents/Github/nulis.online/frontend/node_modules/@oxlint/binding-linux-x64-gnu'
123 silly reify ]
124 verbose reify failed optional dependency /Users/alendra/Documents/Github/nulis.online/frontend/node_modules/@oxlint/binding-linux-s390x-gnu
125 silly reify mark deleted [
125 silly reify   '/Users/alendra/Documents/Github/nulis.online/frontend/node_modules/@oxlint/binding-linux-s390x-gnu'
125 silly reify ]
126 verbose reify failed optional dependency /Users/alendra/Documents/Github/nulis.online/frontend/node_modules/@oxlint/binding-linux-riscv64-musl
127 silly reify mark deleted [
127 silly reify   '/Users/alendra/Documents/Github/nulis.online/frontend/node_modules/@oxlint/binding-linux-riscv64-musl'
127 silly reify ]
128 verbose reify failed optional dependency /Users/alendra/Documents/Github/nulis.online/frontend/node_modules/@oxlint/binding-linux-riscv64-gnu
129 silly reify mark deleted [
129 silly reify   '/Users/alendra/Documents/Github/nulis.online/frontend/node_modules/@oxlint/binding-linux-riscv64-gnu'
129 silly reify ]
130 verbose reify failed optional dependency /Users/alendra/Documents/Github/nulis.online/frontend/node_modules/@oxlint/binding-linux-ppc64-gnu
131 silly reify mark deleted [
131 silly reify   '/Users/alendra/Documents/Github/nulis.online/frontend/node_modules/@oxlint/binding-linux-ppc64-gnu'
131 silly reify ]
132 verbose reify failed optional dependency /Users/alendra/Documents/Github/nulis.online/frontend/node_modules/@oxlint/binding-linux-arm64-musl
133 silly reify mark deleted [
133 silly reify   '/Users/alendra/Documents/Github/nulis.online/frontend/node_modules/@oxlint/binding-linux-arm64-musl'
133 silly reify ]
134 verbose reify failed optional dependency /Users/alendra/Documents/Github/nulis.online/frontend/node_modules/@oxlint/binding-linux-arm64-gnu
135 silly reify mark deleted [
135 silly reify   '/Users/alendra/Documents/Github/nulis.online/frontend/node_modules/@oxlint/binding-linux-arm64-gnu'
135 silly reify ]
136 verbose reify failed optional dependency /Users/alendra/Documents/Github/nulis.online/frontend/node_modules/@oxlint/binding-linux-arm-musleabihf
137 silly reify mark deleted [
137 silly reify   '/Users/alendra/Documents/Github/nulis.online/frontend/node_modules/@oxlint/binding-linux-arm-musleabihf'
137 silly reify ]
138 verbose reify failed optional dependency /Users/alendra/Documents/Github/nulis.online/frontend/node_modules/@oxlint/binding-linux-arm-gnueabihf
139 silly reify mark deleted [
139 silly reify   '/Users/alendra/Documents/Github/nulis.online/frontend/node_modules/@oxlint/binding-linux-arm-gnueabihf'
139 silly reify ]
140 verbose reify failed optional dependency /Users/alendra/Documents/Github/nulis.online/frontend/node_modules/@oxlint/binding-freebsd-x64
141 silly reify mark deleted [
141 silly reify   '/Users/alendra/Documents/Github/nulis.online/frontend/node_modules/@oxlint/binding-freebsd-x64'
141 silly reify ]
142 verbose reify failed optional dependency /Users/alendra/Documents/Github/nulis.online/frontend/node_modules/@oxlint/binding-darwin-x64
143 silly reify mark deleted [
143 silly reify   '/Users/alendra/Documents/Github/nulis.online/frontend/node_modules/@oxlint/binding-darwin-x64'
143 silly reify ]
144 verbose reify failed optional dependency /Users/alendra/Documents/Github/nulis.online/frontend/node_modules/@oxlint/binding-android-arm64
145 silly reify mark deleted [
145 silly reify   '/Users/alendra/Documents/Github/nulis.online/frontend/node_modules/@oxlint/binding-android-arm64'
145 silly reify ]
146 verbose reify failed optional dependency /Users/alendra/Documents/Github/nulis.online/frontend/node_modules/@oxlint/binding-android-arm-eabi
147 silly reify mark deleted [
147 silly reify   '/Users/alendra/Documents/Github/nulis.online/frontend/node_modules/@oxlint/binding-android-arm-eabi'
147 silly reify ]
148 http cache set-cookie-parser@https://registry.npmjs.org/set-cookie-parser/-/set-cookie-parser-2.7.2.tgz 0ms (cache hit)
149 http cache react-router@https://registry.npmjs.org/react-router/-/react-router-7.18.0.tgz 0ms (cache hit)
150 http cache tslib@https://registry.npmjs.org/tslib/-/tslib-2.8.1.tgz 0ms (cache hit)
151 http cache fsevents@https://registry.npmjs.org/fsevents/-/fsevents-2.3.3.tgz 0ms (cache hit)
152 http cache react-router-dom@https://registry.npmjs.org/react-router-dom/-/react-router-dom-7.18.0.tgz 0ms (cache hit)
153 http cache cookie@https://registry.npmjs.org/cookie/-/cookie-1.1.1.tgz 0ms (cache hit)
154 http cache @emnapi/runtime@https://registry.npmjs.org/@emnapi/runtime/-/runtime-1.11.1.tgz 0ms (cache hit)
155 http cache @tybys/wasm-util@https://registry.npmjs.org/@tybys/wasm-util/-/wasm-util-0.10.3.tgz 0ms (cache hit)
156 http cache @emnapi/wasi-threads@https://registry.npmjs.org/@emnapi/wasi-threads/-/wasi-threads-1.2.2.tgz 0ms (cache hit)
157 http cache @emnapi/core@https://registry.npmjs.org/@emnapi/core/-/core-1.11.1.tgz 0ms (cache hit)
158 http cache @napi-rs/wasm-runtime@https://registry.npmjs.org/@napi-rs/wasm-runtime/-/wasm-runtime-1.1.5.tgz 0ms (cache hit)
159 silly tarball no local data for set-cookie-parser@https://registry.npmjs.org/set-cookie-parser/-/set-cookie-parser-2.7.2.tgz. Extracting by manifest.
160 silly tarball no local data for react-router@https://registry.npmjs.org/react-router/-/react-router-7.18.0.tgz. Extracting by manifest.
161 silly tarball no local data for react-router-dom@https://registry.npmjs.org/react-router-dom/-/react-router-dom-7.18.0.tgz. Extracting by manifest.
162 silly tarball no local data for cookie@https://registry.npmjs.org/cookie/-/cookie-1.1.1.tgz. Extracting by manifest.
163 http fetch GET 200 https://registry.npmjs.org/set-cookie-parser/-/set-cookie-parser-2.7.2.tgz 55ms (cache miss)
164 http fetch GET 200 https://registry.npmjs.org/react-router-dom/-/react-router-dom-7.18.0.tgz 155ms (cache miss)
165 http fetch GET 200 https://registry.npmjs.org/cookie/-/cookie-1.1.1.tgz 194ms (cache miss)
166 http fetch POST 200 https://registry.npmjs.org/-/npm/v1/security/advisories/bulk 251ms
167 silly audit report {}
168 http fetch GET 200 https://registry.npmjs.org/react-router/-/react-router-7.18.0.tgz 1043ms (cache miss)
169 silly ADD node_modules/set-cookie-parser
170 silly ADD node_modules/cookie
171 silly ADD node_modules/react-router
172 silly ADD node_modules/react-router-dom
173 silly ADD
174 silly ADD
175 silly ADD
176 silly ADD
177 silly ADD
178 silly ADD
179 silly ADD
180 silly ADD
181 silly ADD
182 silly ADD
183 silly ADD
184 silly ADD node_modules/fsevents
185 silly ADD
186 silly ADD
187 silly ADD
188 silly ADD
189 silly ADD
190 silly ADD
191 silly ADD
192 silly ADD
193 silly ADD
194 silly ADD
195 silly ADD
196 silly ADD
197 silly ADD
198 silly ADD
199 silly ADD
200 silly ADD
201 silly ADD
202 silly ADD
203 silly ADD
204 silly ADD
205 silly ADD
206 silly ADD
207 silly ADD
208 silly ADD
209 silly ADD
210 silly ADD
211 silly ADD
212 silly ADD
213 silly ADD
214 silly ADD
215 silly ADD
216 silly ADD
217 silly ADD
218 silly ADD
219 silly ADD
220 silly ADD
221 silly ADD
222 verbose cwd /Users/alendra/Documents/Github/nulis.online/frontend
223 verbose os Darwin 24.2.0
224 verbose node v22.22.2
225 verbose npm  v10.9.7
226 verbose exit 0
227 info ok
