0 verbose cli /opt/homebrew/Cellar/node@22/22.22.2_1/bin/node /opt/homebrew/Cellar/node@22/22.22.2_1/lib/node_modules/npm/bin/npm-cli.js
1 info using npm@10.9.7
2 info using node@v22.22.2
3 silly config load:file:/opt/homebrew/Cellar/node@22/22.22.2_1/lib/node_modules/npm/npmrc
4 silly config load:file:/Users/alendra/Documents/Github/nulis.online/.npmrc
5 silly config load:file:/Users/alendra/.npmrc
6 silly config load:file:/opt/homebrew/etc/npmrc
7 verbose title npm exec create-vite@latest frontend --template react --no-interactive
8 verbose argv "exec" "--cache" "/Users/alendra/Documents/Github/nulis.online/.npm-cache" "--yes" "--" "create-vite@latest" "frontend" "--template" "react" "--no-interactive"
9 verbose logfile logs-max:10 dir:/Users/alendra/Documents/Github/nulis.online/.npm-cache/_logs/2026-06-23T15_01_49_128Z-
10 verbose logfile /Users/alendra/Documents/Github/nulis.online/.npm-cache/_logs/2026-06-23T15_01_49_128Z-debug-0.log
11 silly logfile done cleaning log files
12 silly packumentCache heap:2197815296 maxSize:549453824 maxEntrySize:274726912
13 http fetch GET 200 https://registry.npmjs.org/create-vite 181ms (cache revalidated)
14 silly packumentCache heap:2197815296 maxSize:549453824 maxEntrySize:274726912
15 silly packumentCache heap:2197815296 maxSize:549453824 maxEntrySize:274726912
16 verbose cwd /Users/alendra/Documents/Github/nulis.online
17 verbose os Darwin 24.2.0
18 verbose node v22.22.2
19 verbose npm  v10.9.7
20 verbose exit 0
21 info ok
